sending incremental file list
exp1_10/hostname_12682220.err
exp1_10/hostname_12682220.out
exp1_10/hostname_12682221.err
exp1_10/hostname_12682221.out
exp1_10/hostname_12682222.err
exp1_10/hostname_12682222.out
exp1_10/hostname_12682223.err
exp1_10/hostname_12682223.out
exp1_15/
exp1_15/hostname_12682228.err
exp1_15/hostname_12682228.out
exp1_15/hostname_12682229.err
exp1_15/hostname_12682229.out
exp1_15/hostname_12682230.err
exp1_15/hostname_12682230.out
exp1_15/hostname_12682231.err
exp1_15/hostname_12682231.out

sent 18,405 bytes  received 422 bytes  7,530.80 bytes/sec
total size is 5,455,855  speedup is 289.79
Agent pid 1389204
sending incremental file list

sent 126 bytes  received 12 bytes  276.00 bytes/sec
total size is 24,227  speedup is 175.56
