sending incremental file list
./
evals/
evals/eval1.npy
evals/eval1.py
evals/eval11.py
exp12/
exp12/config_ddqn.yaml
exp12/config_fittedq.yaml
exp12/config_ppo.yaml
exp12/config_trpo.yaml
exp12/submit_ddqn.sh
exp12/submit_fittedq.sh
exp12/submit_ppo.sh
exp12/submit_trpo.sh
exp12/results/
exp12/results/ddqn/
exp12/results/ddqn/cp_local.pt
exp12/results/ddqn/cp_target.pt
exp12/results/ddqn/logfile.txt
exp12/results/ddqn/score.npy
exp12/results/fittedq/cp_.pt
exp12/results/fittedq/logfile.txt
exp12/results/fittedq/score.npy
exp12/results/ppo/
exp12/results/ppo/cp_.zip
exp12/results/ppo/logfile.txt
exp12/results/trpo/
exp12/results/trpo/cp.zip
exp12/results/trpo/logfile.txt
exp22/
exp22/config_ddqn.yaml
exp22/config_fittedq.yaml
exp22/config_ppo.yaml
exp22/config_trpo.yaml
exp22/hostname_12611908.err
exp22/hostname_12611908.out
exp22/submit_ddqn.sh
exp22/submit_fittedq.sh
exp22/submit_ppo.sh
exp22/submit_trpo.sh
exp22/results/
exp22/results/ddqn/
exp22/results/ddqn/cp_local.pt
exp22/results/ddqn/cp_target.pt
exp22/results/ddqn/logfile.txt
exp22/results/ddqn/score.npy
exp22/results/fittedq/
exp22/results/fittedq/cp_.pt
exp22/results/fittedq/logfile.txt
exp22/results/fittedq/score.npy
exp22/results/ppo/
exp22/results/ppo/cp_.zip
exp22/results/ppo/logfile.txt
exp22/results/trpo/
exp22/results/trpo/cp.zip
exp22/results/trpo/logfile.txt
exp6/hostname_12612132.err
exp6/hostname_12612132.out
exp6/results/fittedq/
exp6/results/fittedq/cp_.pt
exp6/results/fittedq/logfile.txt
exp6/results/fittedq/score.npy
exp62/
exp62/config_ddqn.yaml
exp62/config_fittedq.yaml
exp62/config_ppo.yaml
exp62/config_trpo.yaml
exp62/hostname_12629589.err
exp62/hostname_12629589.out
exp62/hostname_12629590.err
exp62/hostname_12629590.out
exp62/hostname_12629591.err
exp62/hostname_12629591.out
exp62/hostname_12629592.err
exp62/hostname_12629592.out
exp62/submit_all.sh
exp62/submit_ddqn.sh
exp62/submit_fittedq.sh
exp62/submit_ppo.sh
exp62/submit_trpo.sh
exp62/results/
exp62/results/ddqn/
exp62/results/fittedq/
exp62/results/ppo/
exp62/results/trpo/
exp63/
exp63/config_ddqn.yaml
exp63/config_fittedq.yaml
exp63/config_ppo.yaml
exp63/config_trpo.yaml
exp63/submit_all.sh
exp63/submit_ddqn.sh
exp63/submit_fittedq.sh
exp63/submit_ppo.sh
exp63/submit_trpo.sh
exp63/results/
exp63/results/ddqn/
exp63/results/ppo/
exp64/
exp64/config_ddqn.yaml
exp64/config_fittedq.yaml
exp64/config_ppo.yaml
exp64/config_trpo.yaml
exp64/submit_all.sh
exp64/submit_ddqn.sh
exp64/submit_fittedq.sh
exp64/submit_ppo.sh
exp64/submit_trpo.sh
exp64/results/
exp64/results/ddqn/
exp64/results/ppo/
exp64/results/trpo/
exp72/
exp72/config_ddqn.yaml
exp72/config_fittedq.yaml
exp72/config_ppo.yaml
exp72/config_trpo.yaml
exp72/hostname_12611452.err
exp72/hostname_12611452.out
exp72/hostname_12611453.err
exp72/hostname_12611453.out
exp72/hostname_12611454.err
exp72/hostname_12611454.out
exp72/hostname_12611455.err
exp72/hostname_12611455.out
exp72/submit_all.sh
exp72/submit_ddqn.sh
exp72/submit_fittedq.sh
exp72/submit_ppo.sh
exp72/submit_trpo.sh
exp72/results/
exp72/results/ddqn/
exp72/results/ddqn/cp_local.pt
exp72/results/ddqn/cp_target.pt
exp72/results/ddqn/logfile.txt
exp72/results/ddqn/score.npy
exp72/results/fittedq/
exp72/results/fittedq/cp_.pt
exp72/results/fittedq/logfile.txt
exp72/results/fittedq/score.npy
exp72/results/ppo/
exp72/results/ppo/cp_.zip
exp72/results/ppo/logfile.txt
exp72/results/trpo/
exp72/results/trpo/cp.zip
exp72/results/trpo/logfile.txt

sent 1,115,489 bytes  received 2,370 bytes  319,388.29 bytes/sec
total size is 3,465,680  speedup is 3.10
Agent pid 1411940
sending incremental file list

sent 148 bytes  received 12 bytes  320.00 bytes/sec
total size is 47,516  speedup is 296.98
