sending incremental file list
./
evals/results/eval11.npy
evals/results/eval11_before.npy
exp1_10/
exp1_10/config_ddqn.yaml
exp1_10/config_fittedq.yaml
exp1_10/config_ppo.yaml
exp1_10/config_trpo.yaml
exp1_10/submit_all.sh
exp1_10/submit_ddqn.sh
exp1_10/submit_fittedq.sh
exp1_10/submit_ppo.sh
exp1_10/submit_trpo.sh
exp1_10/results/
exp1_10/results/ddqn/
exp1_10/results/ddqn/cp_local.pt
exp1_10/results/ddqn/cp_target.pt
exp1_10/results/ddqn/logfile.txt
exp1_10/results/ddqn/score.npy
exp1_10/results/fittedq/
exp1_10/results/fittedq/cp_.pt
exp1_10/results/fittedq/logfile.txt
exp1_10/results/fittedq/score.npy
exp1_10/results/ppo/
exp1_10/results/ppo/cp_.zip
exp1_10/results/ppo/logfile.txt
exp1_10/results/trpo/
exp1_10/results/trpo/cp.zip
exp1_10/results/trpo/logfile.txt
exp1_15/
exp1_15/config_ddqn.yaml
exp1_15/config_fittedq.yaml
exp1_15/config_ppo.yaml
exp1_15/config_trpo.yaml
exp1_15/submit_all.sh
exp1_15/submit_ddqn.sh
exp1_15/submit_fittedq.sh
exp1_15/submit_ppo.sh
exp1_15/submit_trpo.sh
exp1_15/results/
exp1_15/results/ddqn/
exp1_15/results/ddqn/cp_local.pt
exp1_15/results/ddqn/cp_target.pt
exp1_15/results/ddqn/logfile.txt
exp1_15/results/ddqn/score.npy
exp1_15/results/fittedq/
exp1_15/results/fittedq/cp_.pt
exp1_15/results/fittedq/logfile.txt
exp1_15/results/fittedq/score.npy
exp1_15/results/ppo/
exp1_15/results/ppo/cp_.zip
exp1_15/results/ppo/logfile.txt
exp1_15/results/trpo/
exp1_15/results/trpo/cp.zip
exp1_15/results/trpo/logfile.txt
exp1_5/
exp1_5/config_ddqn.yaml
exp1_5/config_fittedq.yaml
exp1_5/config_ppo.yaml
exp1_5/config_trpo.yaml
exp1_5/hostname_12682203.err
exp1_5/hostname_12682203.out
exp1_5/hostname_12682204.err
exp1_5/hostname_12682204.out
exp1_5/hostname_12682205.err
exp1_5/hostname_12682205.out
exp1_5/hostname_12682206.err
exp1_5/hostname_12682206.out
exp1_5/submit_all.sh
exp1_5/submit_ddqn.sh
exp1_5/submit_fittedq.sh
exp1_5/submit_ppo.sh
exp1_5/submit_trpo.sh
exp1_5/results/
exp1_5/results/ddqn/
exp1_5/results/ddqn/cp_local.pt
exp1_5/results/ddqn/cp_target.pt
exp1_5/results/ddqn/logfile.txt
exp1_5/results/ddqn/score.npy
exp1_5/results/fittedq/
exp1_5/results/fittedq/cp_.pt
exp1_5/results/fittedq/logfile.txt
exp1_5/results/fittedq/score.npy
exp1_5/results/ppo/
exp1_5/results/ppo/cp_.zip
exp1_5/results/ppo/logfile.txt
exp1_5/results/trpo/
exp1_5/results/trpo/cp.zip
exp1_5/results/trpo/logfile.txt
exp62/results/ddqn/cp_local.pt
exp62/results/ddqn/cp_target.pt
exp62/results/ddqn/logfile.txt
exp62/results/ddqn/score.npy
exp63/
exp63/results/ddqn/cp_local.pt
exp63/results/ddqn/cp_target.pt
exp63/results/ddqn/logfile.txt
exp63/results/ddqn/score.npy
exp64/
exp64/results/ddqn/cp_local.pt
exp64/results/ddqn/cp_target.pt
exp64/results/ddqn/logfile.txt
exp64/results/ddqn/score.npy

sent 1,154,542 bytes  received 1,800 bytes  462,536.80 bytes/sec
total size is 5,442,065  speedup is 4.71
Agent pid 1501233
 100% ━━━━━━━━━━━━━━━━━━━━━━━━ 100,000/100,000  [ 0:01:51 < 0:00:00 , 896 it/s ]
sending incremental file list

sent 103 bytes  received 12 bytes  230.00 bytes/sec
total size is 104,658  speedup is 910.07
