sending incremental file list
exp6/hostname_12611381.err
exp6/hostname_12611381.out
exp6/hostname_12611382.err
exp6/hostname_12611382.out
exp6/hostname_12611384.err
exp6/hostname_12611384.out
exp6/hostname_12611385.err
exp6/hostname_12611385.out
exp6/results/ddqn/
exp6/results/ddqn/logfile.txt
exp6/results/ppo/
exp6/results/ppo/logfile.txt
exp6/results/trpo/
exp6/results/trpo/logfile.txt
exp7/
exp7/hostname_12611452.err
exp7/hostname_12611452.out
exp7/hostname_12611453.err
exp7/hostname_12611453.out
exp7/hostname_12611454.err
exp7/hostname_12611454.out
exp7/hostname_12611455.err
exp7/hostname_12611455.out
exp7/submit_ddqn.sh
exp7/submit_fittedq.sh
exp7/submit_ppo.sh
exp7/submit_trpo.sh

sent 15,884 bytes  received 508 bytes  32,784.00 bytes/sec
total size is 1,700,227  speedup is 103.72
Agent pid 1193759
 100% ━━━━━━━━━━━━━━━━━━━━ 1,000,000/1,000,000  [ 0:24:44 < 0:00:00 , 675 it/s ]
sending incremental file list

sent 103 bytes  received 12 bytes  230.00 bytes/sec
total size is 150,332  speedup is 1,307.23
