sending incremental file list
exp62/hostname_12629589.err
exp62/hostname_12629589.out
exp62/hostname_12629590.err
exp62/hostname_12629590.out
exp62/hostname_12629591.err
exp62/hostname_12629591.out
exp62/hostname_12629592.err
exp62/hostname_12629592.out
exp62/results/ddqn/
exp62/results/ddqn/logfile.txt
exp62/results/fittedq/
exp62/results/fittedq/logfile.txt
exp62/results/ppo/
exp62/results/ppo/logfile.txt
exp62/results/trpo/
exp62/results/trpo/logfile.txt
exp63/
exp63/config_ddqn.yaml
exp63/config_fittedq.yaml
exp63/config_ppo.yaml
exp63/config_trpo.yaml
exp63/hostname_12629597.err
exp63/hostname_12629597.out
exp63/hostname_12629598.err
exp63/hostname_12629598.out
exp63/hostname_12629599.err
exp63/hostname_12629599.out
exp63/hostname_12629600.err
exp63/hostname_12629600.out
exp63/submit_ddqn.sh
exp63/submit_fittedq.sh
exp63/submit_ppo.sh
exp63/submit_trpo.sh

sent 34,533 bytes  received 645 bytes  23,452.00 bytes/sec
total size is 3,482,341  speedup is 98.99
Agent pid 1067600
sending incremental file list

sent 122 bytes  received 12 bytes  268.00 bytes/sec
total size is 27,672  speedup is 206.51
