sending incremental file list
exp62/hostname_12629589.err
exp62/hostname_12629589.out
exp62/hostname_12629590.err
exp62/hostname_12629590.out
exp62/hostname_12629591.err
exp62/hostname_12629591.out
exp62/hostname_12629592.err
exp62/hostname_12629592.out
exp62/results/ddqn/logfile.txt
exp62/results/fittedq/logfile.txt
exp62/results/ppo/logfile.txt
exp62/results/trpo/logfile.txt
exp63/config_ddqn.yaml
exp63/config_fittedq.yaml
exp63/config_ppo.yaml
exp63/config_trpo.yaml
exp63/hostname_12629597.err
exp63/hostname_12629597.out
exp63/hostname_12629598.err
exp63/hostname_12629598.out
exp63/hostname_12629599.err
exp63/hostname_12629599.out
exp63/hostname_12629600.err
exp63/hostname_12629600.out
exp63/submit_ddqn.sh
exp63/submit_fittedq.sh
exp63/submit_ppo.sh
exp63/submit_trpo.sh

sent 35,224 bytes  received 630 bytes  23,902.67 bytes/sec
total size is 3,482,341  speedup is 97.13
Agent pid 1085892
 100% ━━━━━━━━━━━━━━━━━━━━━━━━ 100,000/100,000  [ 0:02:04 < 0:00:00 , 807 it/s ]
sending incremental file list

sent 102 bytes  received 12 bytes  228.00 bytes/sec
total size is 104,638  speedup is 917.88
