sending incremental file list
exp62/hostname_12629589.err
exp62/hostname_12629589.out
exp62/hostname_12629590.err
exp62/hostname_12629590.out
exp62/hostname_12629591.err
exp62/hostname_12629591.out
exp62/hostname_12629592.err
exp62/hostname_12629592.out
exp62/results/ddqn/
exp62/results/ddqn/logfile.txt
exp62/results/fittedq/logfile.txt
exp62/results/ppo/
exp62/results/ppo/logfile.txt
exp62/results/trpo/logfile.txt
exp63/
exp63/config_ddqn.yaml
exp63/config_fittedq.yaml
exp63/config_ppo.yaml
exp63/config_trpo.yaml
exp63/hostname_12629597.err
exp63/hostname_12629597.out
exp63/hostname_12629598.err
exp63/hostname_12629598.out
exp63/hostname_12629599.err
exp63/hostname_12629599.out
exp63/hostname_12629600.err
exp63/hostname_12629600.out
exp63/submit_ddqn.sh
exp63/submit_fittedq.sh
exp63/submit_ppo.sh
exp63/submit_trpo.sh

sent 34,527 bytes  received 639 bytes  23,444.00 bytes/sec
total size is 3,482,341  speedup is 99.03
Agent pid 1067601
sending incremental file list

sent 143 bytes  received 12 bytes  310.00 bytes/sec
total size is 48,240  speedup is 311.23
