sending incremental file list
exp1_10/
exp1_10/hostname_12682220.err
exp1_10/hostname_12682220.out
exp1_10/hostname_12682221.err
exp1_10/hostname_12682221.out
exp1_10/hostname_12682222.err
exp1_10/hostname_12682222.out
exp1_10/hostname_12682223.err
exp1_10/hostname_12682223.out
exp1_5/hostname_12682203.err
exp1_5/hostname_12682203.out
exp1_5/hostname_12682204.err
exp1_5/hostname_12682204.out
exp1_5/hostname_12682205.err
exp1_5/hostname_12682205.out
exp1_5/hostname_12682206.err
exp1_5/hostname_12682206.out

sent 25,192 bytes  received 422 bytes  17,076.00 bytes/sec
total size is 5,452,785  speedup is 212.88
Agent pid 1749165
 100% ━━━━━━━━━━━━━━━━━━━━━━━━ 100,000/100,000  [ 0:01:53 < 0:00:00 , 878 it/s ]
sending incremental file list

sent 106 bytes  received 12 bytes  236.00 bytes/sec
total size is 104,660  speedup is 886.95
