sending incremental file list
exp62/hostname_12629589.out
exp62/results/ddqn/cp_local.pt
exp62/results/ddqn/cp_target.pt
exp62/results/ddqn/logfile.txt
exp62/results/ddqn/score.npy
exp62/results/fittedq/logfile.txt
exp63/hostname_12629597.err
exp63/hostname_12629597.out
exp63/hostname_12629598.err
exp63/hostname_12629598.out
exp63/hostname_12629599.err
exp63/hostname_12629599.out
exp63/hostname_12629600.err
exp63/hostname_12629600.out
exp63/results/ddqn/logfile.txt
exp63/results/fittedq/logfile.txt
exp63/results/ppo/logfile.txt
exp63/results/trpo/logfile.txt
exp64/config_ddqn.yaml
exp64/config_fittedq.yaml
exp64/config_ppo.yaml
exp64/config_trpo.yaml
exp64/hostname_12629603.err
exp64/hostname_12629603.out
exp64/hostname_12629604.err
exp64/hostname_12629604.out
exp64/hostname_12629605.err
exp64/hostname_12629605.out
exp64/hostname_12629606.err
exp64/hostname_12629606.out
exp64/submit_ddqn.sh
exp64/submit_fittedq.sh
exp64/submit_ppo.sh
exp64/submit_trpo.sh

sent 77,650 bytes  received 752 bytes  52,268.00 bytes/sec
total size is 3,536,514  speedup is 45.11
Agent pid 679206
sending incremental file list

sent 59 bytes  received 12 bytes  142.00 bytes/sec
total size is 0  speedup is 0.00
